Unity Player [version: Unity 5.0.0f4_5b98b70ebeb9]

OVRHapticGloveFinal.exe caused an Access Violation (0xc0000005)
  in module OVRHapticGloveFinal.exe at 0023:016fb16e.

Error occurred at 2015-05-04_121344.
C:\Users\Kevin\Documents\GitHub\HapticGloveProject\bin\OVRHapticGloveFinal.exe, run by Kevin.
63% memory in use.
0 MB physical memory [0 MB free].
0 MB paging file [0 MB free].
0 MB user address space [36 MB free].
Write to location 00000000 caused an access violation.

Context:
EDI:    0x00000000  ESI: 0x0bdf35d0  EAX:   0x00000000
EBX:    0x149f0920  ECX: 0x00000001  EDX:   0x000004b0
EIP:    0x016fb16e  EBP: 0x010af820  SegCs: 0x00000023
EFlags: 0x00010202  ESP: 0x010af814  SegSs: 0x0000002b

Bytes at CS:EIP:
66 0f 7f 07 66 0f 7f 4f 10 66 0f 7f 57 20 66 0f 

Stack:
0x010af814: 00000000 14947190 6b44f7e0 010af840 .....q....Dk@...
0x010af824: 0128b80b 00000000 0bdf35d0 00025801 ..(......5...X..
0x010af834: 6b44f7e0 6b44f7e0 00000000 010af854 ..Dk..Dk....T...
0x010af844: 0128b884 0bdf35d0 00025800 6b44f7e0 ..(..5...X....Dk
0x010af854: 010af88c 0128ba95 0d3a0000 00000000 ......(...:.....
0x010af864: 0d663d00 00012c00 5ce9a000 00000001 .=f..,.....\....
0x010af874: 00000000 00000000 00000000 00000000 ................
0x010af884: 00000000 00000000 010af8c8 013d2d8b .............-=.
0x010af894: 00000000 0d3a0010 00025800 5ce9a000 ......:..X.....\
0x010af8a4: 00012c00 11321b00 11265e20 05401121 .,....2. ^&.!.@.
0x010af8b4: 053ff500 11265e20 11265e20 010af8c8 ..?. ^&. ^&.....
0x010af8c4: 05401114 010af908 05425fa2 11321b00 ..@......_B...2.
0x010af8d4: 0d3a0000 00000000 00012c00 010af908 ..:......,......
0x010af8e4: 04e72868 04e72810 00012c00 05425f81 h(...(...,..._B.
0x010af8f4: 00000280 5ce9a000 00012c00 010af908 .......\.,......
0x010af904: 05425f74 010af928 05425f5f 11321b00 t_B.(...__B...2.
0x010af914: 0d3a0000 00000000 05425d11 11265e20 ..:......]B. ^&.
0x010af924: 5ce9a000 010af948 05425f36 11321b00 ...\H...6_B...2.
0x010af934: 0d3a0000 00000000 00012c00 5ce9a000 ..:......,.....\
0x010af944: 0a77ce80 010af9a8 05425bdd 11321b00 ..w......[B...2.
0x010af954: 0d3a0000 11321980 11321980 0d3a0000 ..:...2...2...:.
0x010af964: 00000280 0a77ce80 00000000 3f800000 ......w........?
0x010af974: 3f800000 3f800000 0a77ce80 000000f0 ...?...?..w.....
0x010af984: 000000f0 00000280 05423420 0a77ce80 ........ 4B...w.
0x010af994: 010af9cc 11265e40 11265e80 0a77ce80 ....@^&..^&...w.
0x010af9a4: 053ff500 010af9d8 0541878c 0a77ce80 ..?.......A...w.
0x010af9b4: 010af9cc 010af9d8 054167e7 00000065 .........gA.e...
0x010af9c4: 00000001 000000f0 11265e20 0ef1b788 ........ ^&.....
0x010af9d4: 010afb84 010afa24 053ff541 0a77ce80 ....$...A.?...w.
0x010af9e4: 00000000 00000000 04f25668 00000003 ........hV......
0x010af9f4: 010afa0c 10001e35 0a5a48a8 0a5a48a8 ....5....HZ..HZ.
0x010afa04: 0a5a48a8 00000000 00000000 10001ddd .HZ.............
0x010afa14: 050800d8 0a5a48a8 010afa24 010afa28 .....HZ.$...(...
0x010afa24: 010afa54 100f04ce 0a77ce80 010afb04 T.........w.....
0x010afa34: 010afb84 05418660 00010000 0bcff801 ....`.A.........
0x010afa44: 0a5a48a8 bfc4aaaa 04f24e70 80000000 .HZ.....pN......
0x010afa54: 010afa78 1005d7cb 0a5a48a8 0a77ce80 x........HZ...w.
0x010afa64: 010afb04 010afb84 010afb84 010afb9c ................
0x010afa74: 0bcff801 010afa90 0128410e 0a5a48a8 .........A(..HZ.
0x010afa84: 0a77ce80 010afb04 010afb84 010afb78 ..w.........x...
0x010afa94: 0132d30a 0a5a48a8 0bcff801 0a77ce80 ..2..HZ.......w.
0x010afaa4: 010afab4 010afb84 0a5a48a8 07a53af0 .........HZ..:..
0x010afab4: 00000000 00000000 00000000 00000000 ................
0x010afac4: 00000000 00000000 00000000 00000000 ................
0x010afad4: 00000000 00000000 00000000 00000000 ................
0x010afae4: 00000000 00000000 00000000 00000000 ................
0x010afaf4: 00000000 00000000 00000000 00000000 ................
0x010afb04: 00000000 00000000 00000000 00000000 ................
0x010afb14: 00000000 00000000 00000000 00000000 ................
0x010afb24: 00000000 00000000 00000000 00000000 ................
0x010afb34: 00000000 00000000 00000000 00000000 ................
0x010afb44: 00000000 00000000 00000000 00000000 ................
0x010afb54: 00000000 010afb7c 011e01b5 0403fc10 ....|...........
0x010afb64: 00000001 010afc78 1005d7d5 010afbf0 ....x...........
0x010afb74: 010afc08 010afb88 0132cff5 010afb84 ..........2.....
0x010afb84: 00000000 010afbbc 012737ea 0a77ce80 .........7'...w.
0x010afb94: 07a53af0 00000000 01cf9e84 0a5a48a8 .:...........HZ.
0x010afba4: 0bcff801 0a77ce80 0000389a 00000000 ......w..8......
0x010afbb4: 07a50101 00000000 010afbf4 01275318 .............S'.
0x010afbc4: 00000000 040c98f0 040c3410 012539f1 .........4...9%.
0x010afbd4: 4aff7b0e 00000001 0000001c 07a600a0 .{.J............
0x010afbe4: 07a59060 040c3410 07a53b40 040410f0 `....4..@;......
0x010afbf4: 010afcdc 012f338b 00000000 00000000 .....3/.........
0x010afc04: 75c19c00 01cf9e7c 0a55a360 010af900 ...u|...`.U.....
0x010afc14: 00000000 00000000 00000000 010a0101 ................
0x010afc24: 00000000 00000000 00000001 00000000 ................
0x010afc34: 00000000 00000000 00000000 00000000 ................
0x010afc44: 00000000 00000000 00000000 00000000 ................
0x010afc54: 00000000 00000000 00000000 00000000 ................
0x010afc64: 00000000 00000000 00000000 00000000 ................
0x010afc74: 00000000 010afc28 010afc2c 00000000 ....(...,.......
0x010afc84: 00000000 00000000 00000000 00000000 ................
0x010afc94: 00000000 00000000 00000000 00000001 ................
0x010afca4: 00000001 00000000 00000000 00000000 ................
0x010afcb4: 00000000 00000000 00000000 00000000 ................
0x010afcc4: 00000000 00000002 0fa00000 00000001 ................
0x010afcd4: 04b598a0 0100fce8 010afd18 0138a951 ............Q.8.
0x010afce4: 00000000 00000001 00000000 00000010 ................
0x010afcf4: 00000000 001b061a 00000200 00000000 ................
0x010afd04: 01f502ae 02d90a95 000002ae 00000201 ................
0x010afd14: 0000051c 010afe4c 0138c3a0 016f8e32 ....L.....8.2.o.
0x010afd24: 00000000 ff27e000 0405bb50 01c0003f ......'.P...?...
0x010afd34: 000001ff 00000000 00000058 0000005f ........X..._...
0x010afd44: 00000fff 0405baf0 011022b8 01e3a720 .........".. ...
0x010afd54: 7fffffff 0000005d 0000005f 011022b8 ....]..._...."..
0x010afd64: 01e3a720 0000000f 0000000f 7fffffff  ...............
0x010afd74: 00000000 01ee5908 01101870 0000000f .....Y..p.......
0x010afd84: 010afd00 010afdb8 01713e99 011022b8 .........>q.."..
0x010afd94: 01e3a720 0000000f 0405bdf0 7fffffff  ...............
0x010afda4: 00000000 01ee5908 0000005e 0000005f .....Y..^..._...
0x010afdb4: 010afd00 0404bda0 0170331c 011022b8 .........3p.."..
0x010afdc4: 01e3a720 0000004f 0000004f 00000004  ...O...O.......
0x010afdd4: 616e614d 00646567 01101870 756e6547 Managed.p...Genu
0x010afde4: 00000007 0000000f 00000000 024153f0 .............SA.
0x010afdf4: 0403fa90 0403fac8 0403fac8 010afe30 ............0...
0x010afe04: 72637300 696e6565 6c640064 016f006c .screenid.dll.o.
0x010afe14: 00000000 0000000f 010afe3c 0406c700 ........<.......
0x010afe24: 010afe3c 016f3917 022f376c 00000000 <....9o.l7/.....
0x010afe34: 0000000f 00000000 00000000 024153f0 .............SA.
0x010afe44: 00000000 02415430 010afe64 016c1d98 ....0TA.d.....l.
0x010afe54: 01130000 00000000 022f376f 0000000a ........o7/.....
0x010afe64: 010afef4 016f8ddf 01130000 00000000 ......o.........
0x010afe74: 022f376f 0000000a 95f4422a 016f8e32 o7/.....*B..2.o.
0x010afe84: 016f8e32 ff27e000 00000044 022f1d52 2.o...'.D...R./.
0x010afe94: 022f1d32 022f1d02 00000000 00000000 2./.../.........
0x010afea4: 00000000 00000000 00000000 00000000 ................
0x010afeb4: 00000000 00000000 00000000 00000000 ................
0x010afec4: 010afef0 010afef0 0170a034 c0000005 ........4.p.....
0x010afed4: 016f8e32 00000000 010afe7c 010af244 2.o.....|...D...
0x010afee4: 010aff40 016faa00 95161396 00000000 @.....o.........
0x010afef4: 010aff08 77757c04 ff27e000 77757be0 .....|uw..'..{uw
0x010aff04: ab891400 010aff50 77e5ad1f ff27e000 ....P......w..'.
0x010aff14: abfadcb6 00000000 00000000 ff27e000 ..............'.
0x010aff24: c0000005 77baf510 00000000 010af224 .......w....$...
0x010aff34: abfadcb6 010aff14 010af224 010aff58 ........$...X...
0x010aff44: 77e974a0 dd158ed6 00000000 010aff60 .t.w........`...
0x010aff54: 77e5acea ffffffff 77e40226 00000000 ...w....&..w....
0x010aff64: 00000000 016f8e32 ff27e000 00000000 ....2.o...'.....
0x010aff74: 00000000 00000000 00000000 00000000 ................
0x010aff84: 00000000 00000000 00000000 00000000 ................
0x010aff94: 00000000 00000000 00000000 00000000 ................
0x010affa4: 00000000 00000000 00000000 00000000 ................
0x010affb4: 00000000 00000000 00000000 00000000 ................
0x010affc4: 00000000 00000000 00000000 00000000 ................
0x010affd4: 00000000 00000000 00000000 00000000 ................
0x010affe4: 00000000 00000000 00000000 00000000 ................
0x010afff4: 00000000 00000000 00000000          ............

Module 1
C:\Windows\SYSTEM32\xinput1_3.dll
Image Base: 0x00400000  Image Size: 0x00016000
File Size:  81768       File Time:  2007-04-04_215342
Version:
   Company:    Microsoft Corporation
   Product:    Microsoft® DirectX for Windows®
   FileDesc:   Microsoft Common Controller API
   FileVer:    9.18.944.0
   ProdVer:    9.18.944.0

Module 2
C:\Users\Kevin\Documents\GitHub\HapticGloveProject\bin\OVRHapticGloveFinal.exe
Image Base: 0x01130000  Image Size: 0x00fa9000
File Size:  15651616    File Time:  2015-02-24_131342
Version:
   Company:    
   Product:    
   FileDesc:   
   FileVer:    5.0.0.39095
   ProdVer:    5.0.0.39095

Module 3
C:\Users\Kevin\Documents\GitHub\HapticGloveProject\bin\OVRHapticGloveFinal_Data\Mono\mono.dll
Image Base: 0x10000000  Image Size: 0x0022f000
File Size:  2102784     File Time:  2015-02-24_122944
Version:
   Company:    
   Product:    
   FileDesc:   
   FileVer:    0.0.0.0
   ProdVer:    0.0.0.0

Module 4
C:\Windows\SYSTEM32\igd10iumd32.dll
Image Base: 0x5bd90000  Image Size: 0x00ca7000
File Size:  13207552    File Time:  2014-03-26_162440
Version:
   Company:    Intel Corporation
   Product:    Intel HD Graphics Drivers for Windows 8(R)
   FileDesc:   User Mode Driver for Intel(R) Graphics Technology
   FileVer:    10.18.10.3345
   ProdVer:    10.18.10.3345

Module 5
C:\Users\Kevin\Documents\GitHub\HapticGloveProject\bin\OVRHapticGloveFinal_Data\Plugins\Leap.dll
Image Base: 0x5d030000  Image Size: 0x0011c000
File Size:  1150800     File Time:  2015-03-25_142324
Version:
   Company:    Leap Motion
   Product:    Leap Motion API
   FileDesc:   Leap Motion API
   FileVer:    2.2.4.0
   ProdVer:    2.2.4.0

Module 6
C:\Users\Kevin\Documents\GitHub\HapticGloveProject\bin\OVRHapticGloveFinal_Data\Plugins\LeapCSharp.dll
Image Base: 0x5d150000  Image Size: 0x00023000
File Size:  133456      File Time:  2015-03-25_142324
Version:
   Company:    Leap Motion
   Product:    Leap Motion API
   FileDesc:   Leap Motion API
   FileVer:    2.2.4.0
   ProdVer:    2.2.4.0

Module 7
C:\Users\Kevin\Documents\GitHub\HapticGloveProject\bin\OVRHapticGloveFinal_Data\Plugins\OculusPlugin.DLL
Image Base: 0x5d180000  Image Size: 0x000a9000
File Size:  667136      File Time:  2015-02-04_200116
Version:
   Company:    
   Product:    
   FileDesc:   
   FileVer:    0.0.0.0
   ProdVer:    0.0.0.0

Module 8
C:\Windows\SYSTEM32\OVRDisplay32.dll
Image Base: 0x5d450000  Image Size: 0x00012000
File Size:  64512       File Time:  2015-03-26_130026
Version:
   Company:    Oculus VR, LLC
   Product:    Oculus Display Driver
   FileDesc:   Oculus Display Driver
   FileVer:    1.2.4.0
   ProdVer:    1.2.4.0

Module 9
C:\Windows\SYSTEM32\igdusc32.dll
Image Base: 0x5f2f0000  Image Size: 0x00363000
File Size:  3528704     File Time:  2014-03-26_162500
Version:
   Company:    Intel Corporation
   Product:    Intel Graphics Accelerator Drivers for Windows 7(R)
   FileDesc:   Unified Shader Compiler for Intel(R) Graphics Accelerator
   FileVer:    8.15.10.9141
   ProdVer:    8.15.10.9141

Module 10
C:\Windows\SYSTEM32\dsound.dll
Image Base: 0x5f660000  Image Size: 0x00081000
File Size:  517120      File Time:  2014-10-28_214754
Version:
   Company:    Microsoft Corporation
   Product:    Microsoft® Windows® Operating System
   FileDesc:   DirectSound
   FileVer:    6.3.9600.17415
   ProdVer:    6.3.9600.17415

Module 11
C:\Windows\SYSTEM32\HID.DLL
Image Base: 0x60680000  Image Size: 0x0000a000
File Size:  26624       File Time:  2014-10-28_210540
Version:
   Company:    Microsoft Corporation
   Product:    Microsoft® Windows® Operating System
   FileDesc:   Hid User Library
   FileVer:    6.3.9600.17415
   ProdVer:    6.3.9600.17415

Module 12
C:\Windows\SYSTEM32\MSACM32.dll
Image Base: 0x60690000  Image Size: 0x00017000
File Size:  89816       File Time:  2014-10-28_230702
Version:
   Company:    Microsoft Corporation
   Product:    Microsoft® Windows® Operating System
   FileDesc:   Microsoft ACM Audio Filter
   FileVer:    6.3.9600.17415
   ProdVer:    6.3.9600.17415

Module 13
C:\Windows\SYSTEM32\wdmaud.drv
Image Base: 0x606b0000  Image Size: 0x00036000
File Size:  197120      File Time:  2014-10-28_205318
Version:
   Company:    Microsoft Corporation
   Product:    Microsoft® Windows® Operating System
   FileDesc:   Winmm  audio system driver
   FileVer:    6.3.9600.17415
   ProdVer:    6.3.9600.17415

Module 14
C:\Windows\SYSTEM32\MMDevAPI.DLL
Image Base: 0x606f0000  Image Size: 0x00053000
File Size:  331048      File Time:  2014-10-28_230702
Version:
   Company:    Microsoft Corporation
   Product:    Microsoft® Windows® Operating System
   FileDesc:   MMDevice API
   FileVer:    6.3.9600.17415
   ProdVer:    6.3.9600.17415

Module 15
C:\Windows\SYSTEM32\AUDIOSES.DLL
Image Base: 0x60750000  Image Size: 0x00060000
File Size:  370424      File Time:  2014-10-28_230710
Version:
   Company:    Microsoft Corporation
   Product:    Microsoft® Windows® Operating System
   FileDesc:   Audio Session
   FileVer:    6.3.9600.17415
   ProdVer:    6.3.9600.17415

Module 16
C:\Windows\SYSTEM32\midimap.dll
Image Base: 0x607f0000  Image Size: 0x00008000
File Size:  18944       File Time:  2014-10-28_215824
Version:
   Company:    Microsoft Corporation
   Product:    Microsoft® Windows® Operating System
   FileDesc:   Microsoft MIDI Mapper
   FileVer:    6.3.9600.17415
   ProdVer:    6.3.9600.17415

Module 17
C:\Windows\SYSTEM32\msacm32.drv
Image Base: 0x60800000  Image Size: 0x00009000
File Size:  23040       File Time:  2014-10-28_215432
Version:
   Company:    Microsoft Corporation
   Product:    Microsoft® Windows® Operating System
   FileDesc:   Microsoft Sound Mapper
   FileVer:    6.3.9600.17415
   ProdVer:    6.3.9600.17415

Module 18
C:\Windows\SYSTEM32\AVRT.dll
Image Base: 0x60810000  Image Size: 0x0000a000
File Size:  31496       File Time:  2014-10-28_231134
Version:
   Company:    Microsoft Corporation
   Product:    Microsoft® Windows® Operating System
   FileDesc:   Multimedia Realtime Runtime
   FileVer:    6.3.9600.17415
   ProdVer:    6.3.9600.17415

Module 19
C:\Windows\SYSTEM32\NTASN1.dll
Image Base: 0x69740000  Image Size: 0x00029000
File Size:  165728      File Time:  2014-10-28_231538
Version:
   Company:    Microsoft Corporation
   Product:    Microsoft® Windows® Operating System
   FileDesc:   Microsoft ASN.1 API
   FileVer:    6.3.9600.17415
   ProdVer:    6.3.9600.17415

Module 20
C:\Windows\SYSTEM32\d3d10.dll
Image Base: 0x6a0a0000  Image Size: 0x0010c000
File Size:  1065472     File Time:  2014-10-28_205730
Version:
   Company:    Microsoft Corporation
   Product:    Microsoft® Windows® Operating System
   FileDesc:   Direct3D 10 Runtime
   FileVer:    6.3.9600.17415
   ProdVer:    6.3.9600.17415

Module 21
C:\Windows\SYSTEM32\d3d9.dll
Image Base: 0x6b1d0000  Image Size: 0x001d3000
File Size:  1907384     File Time:  2014-10-28_231204
Version:
   Company:    Microsoft Corporation
   Product:    Microsoft® Windows® Operating System
   FileDesc:   Direct3D 9 Runtime
   FileVer:    6.3.9600.17415
   ProdVer:    6.3.9600.17415

Module 22
C:\Windows\SYSTEM32\d3d11.dll
Image Base: 0x6b6c0000  Image Size: 0x001d9000
File Size:  1946144     File Time:  2014-10-28_231204
Version:
   Company:    Microsoft Corporation
   Product:    Microsoft® Windows® Operating System
   FileDesc:   Direct3D 11 Runtime
   FileVer:    6.3.9600.17415
   ProdVer:    6.3.9600.17415

Module 23
C:\Windows\SYSTEM32\DDRAW.dll
Image Base: 0x6b9c0000  Image Size: 0x000ec000
File Size:  544256      File Time:  2014-10-28_205248
Version:
   Company:    Microsoft Corporation
   Product:    Microsoft® Windows® Operating System
   FileDesc:   Microsoft DirectDraw
   FileVer:    6.3.9600.17415
   ProdVer:    6.3.9600.17415

Module 24
C:\Windows\SYSTEM32\MSVCR120.dll
Image Base: 0x6bab0000  Image Size: 0x000ee000
File Size:  970912      File Time:  2013-10-05_033822
Version:
   Company:    Microsoft Corporation
   Product:    Microsoft® Visual Studio® 2013
   FileDesc:   Microsoft® C Runtime Library
   FileVer:    12.0.21005.1
   ProdVer:    12.0.21005.1

Module 25
C:\Windows\SYSTEM32\OPENGL32.dll
Image Base: 0x6bba0000  Image Size: 0x000de000
File Size:  777728      File Time:  2014-10-28_215752
Version:
   Company:    Microsoft Corporation
   Product:    Microsoft® Windows® Operating System
   FileDesc:   OpenGL Client DLL
   FileVer:    6.3.9600.17415
   ProdVer:    6.3.9600.17415

Module 26
C:\Windows\SYSTEM32\dxgi.dll
Image Base: 0x6bc80000  Image Size: 0x00069000
File Size:  430176      File Time:  2014-10-28_231204
Version:
   Company:    Microsoft Corporation
   Product:    Microsoft® Windows® Operating System
   FileDesc:   DirectX Graphics Infrastructure
   FileVer:    6.3.9600.17415
   ProdVer:    6.3.9600.17415

Module 27
C:\Windows\SYSTEM32\ksuser.dll
Image Base: 0x6ce20000  Image Size: 0x00007000
File Size:  19096       File Time:  2014-10-28_230702
Version:
   Company:    Microsoft Corporation
   Product:    Microsoft® Windows® Operating System
   FileDesc:   User CSA Library
   FileVer:    6.3.9600.17415
   ProdVer:    6.3.9600.17415

Module 28
C:\Windows\SYSTEM32\MSVCP120.dll
Image Base: 0x6ce80000  Image Size: 0x00071000
File Size:  455328      File Time:  2013-10-05_033822
Version:
   Company:    Microsoft Corporation
   Product:    Microsoft® Visual Studio® 2013
   FileDesc:   Microsoft® C Runtime Library
   FileVer:    12.0.21005.1
   ProdVer:    12.0.21005.1

Module 29
C:\Windows\SYSTEM32\ncrypt.dll
Image Base: 0x726c0000  Image Size: 0x0001f000
File Size:  119800      File Time:  2014-10-28_231538
Version:
   Company:    Microsoft Corporation
   Product:    Microsoft® Windows® Operating System
   FileDesc:   Windows NCrypt Router
   FileVer:    6.3.9600.17415
   ProdVer:    6.3.9600.17415

Module 30
C:\Windows\SYSTEM32\OVRDisplayRT32.dll
Image Base: 0x72730000  Image Size: 0x00017000
File Size:  77824       File Time:  2015-03-26_130030
Version:
   Company:    Oculus VR, LLC
   Product:    Oculus Display Driver
   FileDesc:   Oculus Display Driver
   FileVer:    1.2.4.0
   ProdVer:    1.2.4.0

Module 31
C:\Windows\SYSTEM32\d3d10core.dll
Image Base: 0x72750000  Image Size: 0x00051000
File Size:  316928      File Time:  2014-10-28_205958
Version:
   Company:    Microsoft Corporation
   Product:    Microsoft® Windows® Operating System
   FileDesc:   Direct3D 10 Runtime
   FileVer:    6.3.9600.17415
   ProdVer:    6.3.9600.17415

Module 32
C:\Windows\SYSTEM32\dbghelp.dll
Image Base: 0x72920000  Image Size: 0x00141000
File Size:  1207296     File Time:  2014-10-28_205954
Version:
   Company:    Microsoft Corporation
   Product:    Microsoft® Windows® Operating System
   FileDesc:   Windows Image Helper
   FileVer:    6.3.9600.17415
   ProdVer:    6.3.9600.17415

Module 33
C:\Windows\system32\apphelp.dll
Image Base: 0x72a70000  Image Size: 0x000a0000
File Size:  642560      File Time:  2014-10-28_220014
Version:
   Company:    Microsoft Corporation
   Product:    Microsoft® Windows® Operating System
   FileDesc:   Application Compatibility Client Library
   FileVer:    6.3.9600.17415
   ProdVer:    6.3.9600.17415

Module 34
C:\Windows\SYSTEM32\DCIMAN32.dll
Image Base: 0x72b20000  Image Size: 0x00007000
File Size:  11776       File Time:  2014-10-28_220002
Version:
   Company:    Microsoft Corporation
   Product:    Microsoft® Windows® Operating System
   FileDesc:   DCI Manager
   FileVer:    6.3.9600.17415
   ProdVer:    6.3.9600.17415

Module 35
C:\Windows\SYSTEM32\powrprof.dll
Image Base: 0x72b60000  Image Size: 0x00040000
File Size:  255136      File Time:  2014-10-28_231846
Version:
   Company:    Microsoft Corporation
   Product:    Microsoft® Windows® Operating System
   FileDesc:   Power Profile Helper DLL
   FileVer:    6.3.9600.17415
   ProdVer:    6.3.9600.17415

Module 36
C:\Windows\SYSTEM32\GLU32.dll
Image Base: 0x731c0000  Image Size: 0x00025000
File Size:  140288      File Time:  2014-10-28_215952
Version:
   Company:    Microsoft Corporation
   Product:    Microsoft® Windows® Operating System
   FileDesc:   OpenGL Utility Library DLL
   FileVer:    6.3.9600.17415
   ProdVer:    6.3.9600.17415

Module 37
C:\Windows\SYSTEM32\dwmapi.dll
Image Base: 0x732f0000  Image Size: 0x0001a000
File Size:  102728      File Time:  2014-10-28_231204
Version:
   Company:    Microsoft Corporation
   Product:    Microsoft® Windows® Operating System
   FileDesc:   Microsoft Desktop Window Manager API
   FileVer:    6.3.9600.17415
   ProdVer:    6.3.9600.17415

Module 38
C:\Windows\system32\uxtheme.dll
Image Base: 0x73310000  Image Size: 0x000ed000
File Size:  949760      File Time:  2014-10-28_204830
Version:
   Company:    Microsoft Corporation
   Product:    Microsoft® Windows® Operating System
   FileDesc:   Microsoft UxTheme Library
   FileVer:    6.3.9600.17415
   ProdVer:    6.3.9600.17415

Module 39
C:\Windows\SYSTEM32\DNSAPI.dll
Image Base: 0x735b0000  Image Size: 0x0007e000
File Size:  498688      File Time:  2014-10-28_210628
Version:
   Company:    Microsoft Corporation
   Product:    Microsoft® Windows® Operating System
   FileDesc:   DNS Client API DLL
   FileVer:    6.3.9600.17415
   ProdVer:    6.3.9600.17415

Module 40
C:\Windows\SYSTEM32\MSWSOCK.dll
Image Base: 0x73670000  Image Size: 0x0004b000
File Size:  286208      File Time:  2014-10-28_210618
Version:
   Company:    Microsoft Corporation
   Product:    Microsoft® Windows® Operating System
   FileDesc:   Microsoft Windows Sockets 2.0 Service Provider
   FileVer:    6.3.9600.17415
   ProdVer:    6.3.9600.17415

Module 41
C:\Windows\SYSTEM32\DEVOBJ.dll
Image Base: 0x73bc0000  Image Size: 0x00021000
File Size:  127552      File Time:  2014-10-28_231842
Version:
   Company:    Microsoft Corporation
   Product:    Microsoft® Windows® Operating System
   FileDesc:   Device Information Set DLL
   FileVer:    6.3.9600.17415
   ProdVer:    6.3.9600.17415

Module 42
C:\Windows\SYSTEM32\WINMMBASE.dll
Image Base: 0x73e00000  Image Size: 0x00023000
File Size:  134280      File Time:  2014-10-28_230702
Version:
   Company:    Microsoft Corporation
   Product:    Microsoft® Windows® Operating System
   FileDesc:   Base Multimedia Extension API DLL
   FileVer:    6.3.9600.17415
   ProdVer:    6.3.9600.17415

Module 43
C:\Windows\SYSTEM32\WINMM.dll
Image Base: 0x73ef0000  Image Size: 0x00023000
File Size:  136840      File Time:  2014-10-28_230702
Version:
   Company:    Microsoft Corporation
   Product:    Microsoft® Windows® Operating System
   FileDesc:   MCI API DLL
   FileVer:    6.3.9600.17415
   ProdVer:    6.3.9600.17415

Module 44
C:\Windows\SYSTEM32\VERSION.dll
Image Base: 0x74730000  Image Size: 0x00008000
File Size:  26304       File Time:  2014-10-28_231056
Version:
   Company:    Microsoft Corporation
   Product:    Microsoft® Windows® Operating System
   FileDesc:   Version Checking and File Installation Libraries
   FileVer:    6.3.9600.17415
   ProdVer:    6.3.9600.17415

Module 45
C:\Windows\SYSTEM32\WINNSI.DLL
Image Base: 0x74850000  Image Size: 0x00008000
File Size:  26304       File Time:  2014-10-28_230516
Version:
   Company:    Microsoft Corporation
   Product:    Microsoft® Windows® Operating System
   FileDesc:   Network Store Information RPC interface
   FileVer:    6.3.9600.17415
   ProdVer:    6.3.9600.17415

Module 46
C:\Windows\SYSTEM32\IPHLPAPI.DLL
Image Base: 0x748b0000  Image Size: 0x00020000
File Size:  120864      File Time:  2014-10-28_230516
Version:
   Company:    Microsoft Corporation
   Product:    Microsoft® Windows® Operating System
   FileDesc:   IP Helper API
   FileVer:    6.3.9600.17415
   ProdVer:    6.3.9600.17415

Module 47
C:\Windows\SYSTEM32\WINHTTP.dll
Image Base: 0x74c90000  Image Size: 0x0009f000
File Size:  631808      File Time:  2014-10-28_205622
Version:
   Company:    Microsoft Corporation
   Product:    Microsoft® Windows® Operating System
   FileDesc:   Windows HTTP Services
   FileVer:    6.3.9600.17415
   ProdVer:    6.3.9600.17415

Module 48
C:\Windows\SYSTEM32\bcrypt.dll
Image Base: 0x75290000  Image Size: 0x0001e000
File Size:  111104      File Time:  2014-10-28_210548
Version:
   Company:    Microsoft Corporation
   Product:    Microsoft® Windows® Operating System
   FileDesc:   Windows Cryptographic Primitives Library
   FileVer:    6.3.9600.17415
   ProdVer:    6.3.9600.17415

Module 49
C:\Windows\SYSTEM32\ntmarta.dll
Image Base: 0x75320000  Image Size: 0x00028000
File Size:  154392      File Time:  2014-10-28_231538
Version:
   Company:    Microsoft Corporation
   Product:    Microsoft® Windows® Operating System
   FileDesc:   Windows NT MARTA provider
   FileVer:    6.3.9600.17415
   ProdVer:    6.3.9600.17415

Module 50
C:\Windows\SYSTEM32\shcore.dll
Image Base: 0x75350000  Image Size: 0x0008b000
File Size:  560392      File Time:  2015-01-23_010234
Version:
   Company:    Microsoft Corporation
   Product:    Microsoft® Windows® Operating System
   FileDesc:   SHCORE
   FileVer:    6.3.9600.17666
   ProdVer:    6.3.9600.17666

Module 51
C:\Windows\SYSTEM32\kernel.appcore.dll
Image Base: 0x753e0000  Image Size: 0x00009000
File Size:  29920       File Time:  2014-10-28_231848
Version:
   Company:    Microsoft Corporation
   Product:    Microsoft® Windows® Operating System
   FileDesc:   AppModel API Host
   FileVer:    6.3.9600.17415
   ProdVer:    6.3.9600.17415

Module 52
C:\Windows\SYSTEM32\bcryptPrimitives.dll
Image Base: 0x75590000  Image Size: 0x00054000
File Size:  340848      File Time:  2014-10-28_231538
Version:
   Company:    Microsoft Corporation
   Product:    Microsoft® Windows® Operating System
   FileDesc:   Windows Cryptographic Primitives Library
   FileVer:    6.3.9600.17415
   ProdVer:    6.3.9600.17415

Module 53
C:\Windows\SYSTEM32\CRYPTBASE.dll
Image Base: 0x755f0000  Image Size: 0x0000a000
File Size:  30984       File Time:  2014-10-28_230516
Version:
   Company:    Microsoft Corporation
   Product:    Microsoft® Windows® Operating System
   FileDesc:   Base cryptographic API DLL
   FileVer:    6.3.9600.17415
   ProdVer:    6.3.9600.17415

Module 54
C:\Windows\SYSTEM32\SspiCli.dll
Image Base: 0x75600000  Image Size: 0x0001e000
File Size:  104960      File Time:  2014-10-28_210606
Version:
   Company:    Microsoft Corporation
   Product:    Microsoft® Windows® Operating System
   FileDesc:   Security Support Provider Interface
   FileVer:    6.3.9600.17415
   ProdVer:    6.3.9600.17415

Module 55
C:\Windows\SYSTEM32\OLEAUT32.dll
Image Base: 0x75620000  Image Size: 0x00095000
File Size:  602776      File Time:  2014-12-19_042530
Version:
   Company:    Microsoft Corporation
   Product:    
   FileDesc:   
   FileVer:    6.3.9600.17560
   ProdVer:    6.3.9600.17560

Module 56
C:\Windows\SYSTEM32\IMM32.dll
Image Base: 0x756c0000  Image Size: 0x00027000
File Size:  141312      File Time:  2014-10-28_215950
Version:
   Company:    Microsoft Corporation
   Product:    Microsoft® Windows® Operating System
   FileDesc:   Multi-User Windows IMM32 API Client DLL
   FileVer:    6.3.9600.17415
   ProdVer:    6.3.9600.17415

Module 57
C:\Windows\SYSTEM32\combase.dll
Image Base: 0x75700000  Image Size: 0x0017d000
File Size:  1564464     File Time:  2014-10-28_231002
Version:
   Company:    Microsoft Corporation
   Product:    Microsoft® Windows® Operating System
   FileDesc:   Microsoft COM for Windows
   FileVer:    6.3.9600.17415
   ProdVer:    6.3.9600.17415

Module 58
C:\Windows\SYSTEM32\ADVAPI32.dll
Image Base: 0x759f0000  Image Size: 0x0007c000
File Size:  507152      File Time:  2014-10-28_230614
Version:
   Company:    Microsoft Corporation
   Product:    Microsoft® Windows® Operating System
   FileDesc:   Advanced Windows 32 Base API
   FileVer:    6.3.9600.17415
   ProdVer:    6.3.9600.17415

Module 59
C:\Windows\SYSTEM32\NSI.dll
Image Base: 0x75a70000  Image Size: 0x00007000
File Size:  20120       File Time:  2014-10-28_230516
Version:
   Company:    Microsoft Corporation
   Product:    Microsoft® Windows® Operating System
   FileDesc:   NSI User-mode interface DLL
   FileVer:    6.3.9600.17415
   ProdVer:    6.3.9600.17415

Module 60
C:\Windows\SYSTEM32\GDI32.dll
Image Base: 0x75ae0000  Image Size: 0x0010e000
File Size:  1096704     File Time:  2014-10-28_211020
Version:
   Company:    Microsoft Corporation
   Product:    Microsoft® Windows® Operating System
   FileDesc:   GDI Client DLL
   FileVer:    6.3.9600.17415
   ProdVer:    6.3.9600.17415

Module 61
C:\Windows\SYSTEM32\PSAPI.DLL
Image Base: 0x75bf0000  Image Size: 0x00006000
File Size:  16504       File Time:  2014-10-28_231844
Version:
   Company:    Microsoft Corporation
   Product:    Microsoft® Windows® Operating System
   FileDesc:   Process Status Helper
   FileVer:    6.3.9600.17415
   ProdVer:    6.3.9600.17415

Module 62
C:\Windows\SYSTEM32\USER32.dll
Image Base: 0x75c00000  Image Size: 0x00153000
File Size:  1376256     File Time:  2014-10-28_210436
Version:
   Company:    Microsoft Corporation
   Product:    Microsoft® Windows® Operating System
   FileDesc:   Multi-User Windows USER API Client DLL
   FileVer:    6.3.9600.17415
   ProdVer:    6.3.9600.17415

Module 63
C:\Windows\SYSTEM32\RPCRT4.dll
Image Base: 0x75d60000  Image Size: 0x000ba000
File Size:  747008      File Time:  2014-10-28_210756
Version:
   Company:    Microsoft Corporation
   Product:    Microsoft® Windows® Operating System
   FileDesc:   Remote Procedure Call Runtime
   FileVer:    6.3.9600.17415
   ProdVer:    6.3.9600.17415

Module 64
C:\Windows\SYSTEM32\sechost.dll
Image Base: 0x75ec0000  Image Size: 0x00041000
File Size:  257216      File Time:  2015-03-23_174506
Version:
   Company:    Microsoft Corporation
   Product:    Microsoft® Windows® Operating System
   FileDesc:   Host for SCM/SDDL/LSA Lookup APIs
   FileVer:    6.3.9600.17734
   ProdVer:    6.3.9600.17734

Module 65
C:\Windows\SYSTEM32\msvcrt.dll
Image Base: 0x75f10000  Image Size: 0x000c3000
File Size:  800008      File Time:  2014-10-28_230630
Version:
   Company:    Microsoft Corporation
   Product:    Microsoft® Windows® Operating System
   FileDesc:   Windows NT CRT DLL
   FileVer:    7.0.9600.17415
   ProdVer:    6.1.8638.17415

Module 66
C:\Windows\SYSTEM32\SHELL32.dll
Image Base: 0x76220000  Image Size: 0x012ac000
File Size:  19731824    File Time:  2015-02-12_133408
Version:
   Company:    Microsoft Corporation
   Product:    Microsoft® Windows® Operating System
   FileDesc:   Windows Shell Common Dll
   FileVer:    6.3.9600.17680
   ProdVer:    6.3.9600.17680

Module 67
C:\Windows\SYSTEM32\clbcatq.dll
Image Base: 0x774d0000  Image Size: 0x0008d000
File Size:  569128      File Time:  2014-10-28_231002
Version:
   Company:    Microsoft Corporation
   Product:    Microsoft® Windows® Operating System
   FileDesc:   COM+ Configuration Catalog
   FileVer:    2001.12.10530.17415
   ProdVer:    6.3.9600.17415

Module 68
C:\Windows\SYSTEM32\ole32.dll
Image Base: 0x77560000  Image Size: 0x00128000
File Size:  1209624     File Time:  2014-10-28_231002
Version:
   Company:    Microsoft Corporation
   Product:    Microsoft® Windows® Operating System
   FileDesc:   Microsoft OLE for Windows
   FileVer:    6.3.9600.17415
   ProdVer:    6.3.9600.17415

Module 69
C:\Windows\SYSTEM32\SHLWAPI.dll
Image Base: 0x77690000  Image Size: 0x00045000
File Size:  278352      File Time:  2014-10-28_231056
Version:
   Company:    Microsoft Corporation
   Product:    Microsoft® Windows® Operating System
   FileDesc:   Shell Light-weight Utility Library
   FileVer:    6.3.9600.17415
   ProdVer:    6.3.9600.17415

Module 70
C:\Windows\SYSTEM32\KERNEL32.DLL
Image Base: 0x77740000  Image Size: 0x00140000
File Size:  1040384     File Time:  2014-10-28_215824
Version:
   Company:    Microsoft Corporation
   Product:    Microsoft® Windows® Operating System
   FileDesc:   Windows NT BASE API Client DLL
   FileVer:    6.3.9600.17415
   ProdVer:    6.3.9600.17415

Module 71
C:\Windows\SYSTEM32\WS2_32.dll
Image Base: 0x77880000  Image Size: 0x00050000
File Size:  321248      File Time:  2014-10-28_230516
Version:
   Company:    Microsoft Corporation
   Product:    Microsoft® Windows® Operating System
   FileDesc:   Windows Socket 2.0 32-Bit DLL
   FileVer:    6.3.9600.17415
   ProdVer:    6.3.9600.17415

Module 72
C:\Windows\SYSTEM32\SETUPAPI.dll
Image Base: 0x778d0000  Image Size: 0x001b1000
File Size:  1782912     File Time:  2014-10-28_231848
Version:
   Company:    Microsoft Corporation
   Product:    Microsoft® Windows® Operating System
   FileDesc:   Windows Setup API
   FileVer:    6.3.9600.17415
   ProdVer:    6.3.9600.17415

Module 73
C:\Windows\SYSTEM32\KERNELBASE.dll
Image Base: 0x77af0000  Image Size: 0x000d7000
File Size:  862720      File Time:  2014-10-28_220316
Version:
   Company:    Microsoft Corporation
   Product:    Microsoft® Windows® Operating System
   FileDesc:   Windows NT BASE API Client DLL
   FileVer:    6.3.9600.17415
   ProdVer:    6.3.9600.17415

Module 74
C:\Windows\SYSTEM32\MSCTF.dll
Image Base: 0x77bd0000  Image Size: 0x00112000
File Size:  1124352     File Time:  2015-03-14_041352
Version:
   Company:    Microsoft Corporation
   Product:    Microsoft® Windows® Operating System
   FileDesc:   MSCTF Server DLL
   FileVer:    6.3.9600.17706
   ProdVer:    6.3.9600.17706

Module 75
C:\Windows\SYSTEM32\cfgmgr32.dll
Image Base: 0x77cf0000  Image Size: 0x0003c000
File Size:  241168      File Time:  2014-10-28_231848
Version:
   Company:    Microsoft Corporation
   Product:    Microsoft® Windows® Operating System
   FileDesc:   Configuration Manager DLL
   FileVer:    6.3.9600.17415
   ProdVer:    6.3.9600.17415

Module 76
C:\Windows\SYSTEM32\ntdll.dll
Image Base: 0x77e00000  Image Size: 0x0016e000
File Size:  1498872     File Time:  2015-03-23_175900
Version:
   Company:    Microsoft Corporation
   Product:    Microsoft® Windows® Operating System
   FileDesc:   NT Layer DLL
   FileVer:    6.3.9600.17736
   ProdVer:    6.3.9600.17736


== [end of error.log] ==
